This is pdfTeX, Version 3.141592653-2.6-1.40.28 (TeX Live 2025) (preloaded format=pdflatex 2025.6.18)  14 JUL 2025 17:23
entering extended mode
 restricted \write18 enabled.
 %&-line parsing enabled.
**cptac_robust.tex
(./cptac_robust.tex
LaTeX2e <2025-06-01> patch level 1
L3 programming layer <2025-05-26>
(/Users/lclement/Library/TinyTeX/texmf-dist/tex/latex/base/article.cls
Document Class: article 2025/01/22 v1.4n Standard LaTeX document class
(/Users/lclement/Library/TinyTeX/texmf-dist/tex/latex/base/size10.clo
File: size10.clo 2025/01/22 v1.4n Standard LaTeX file (size option)
)
\c@part=\count275
\c@section=\count276
\c@subsection=\count277
\c@subsubsection=\count278
\c@paragraph=\count279
\c@subparagraph=\count280
\c@figure=\count281
\c@table=\count282
\abovecaptionskip=\skip49
\belowcaptionskip=\skip50
\bibindent=\dimen148
) (/Users/lclement/Library/TinyTeX/texmf-dist/tex/latex/amsmath/amsmath.sty
Package: amsmath 2025/05/18 v2.17x AMS math features
\@mathmargin=\skip51
For additional information on amsmath, use the `?' option.
(/Users/lclement/Library/TinyTeX/texmf-dist/tex/latex/amsmath/amstext.sty
Package: amstext 2024/11/17 v2.01 AMS text
(/Users/lclement/Library/TinyTeX/texmf-dist/tex/latex/amsmath/amsgen.sty
File: amsgen.sty 1999/11/30 v2.0 generic functions
\@emptytoks=\toks17
\ex@=\dimen149
)) (/Users/lclement/Library/TinyTeX/texmf-dist/tex/latex/amsmath/amsbsy.sty
Package: amsbsy 1999/11/29 v1.2d Bold Symbols
\pmbraise@=\dimen150
) (/Users/lclement/Library/TinyTeX/texmf-dist/tex/latex/amsmath/amsopn.sty
Package: amsopn 2022/04/08 v2.04 operator names
)
\inf@bad=\count283
LaTeX Info: Redefining \frac on input line 233.
\uproot@=\count284
\leftroot@=\count285
LaTeX Info: Redefining \overline on input line 398.
LaTeX Info: Redefining \colon on input line 409.
\classnum@=\count286
\DOTSCASE@=\count287
LaTeX Info: Redefining \ldots on input line 495.
LaTeX Info: Redefining \dots on input line 498.
LaTeX Info: Redefining \cdots on input line 619.
\Mathstrutbox@=\box53
\strutbox@=\box54
LaTeX Info: Redefining \big on input line 721.
LaTeX Info: Redefining \Big on input line 722.
LaTeX Info: Redefining \bigg on input line 723.
LaTeX Info: Redefining \Bigg on input line 724.
\big@size=\dimen151
LaTeX Font Info:    Redeclaring font encoding OML on input line 742.
LaTeX Font Info:    Redeclaring font encoding OMS on input line 743.
\macc@depth=\count288
LaTeX Info: Redefining \bmod on input line 904.
LaTeX Info: Redefining \pmod on input line 909.
LaTeX Info: Redefining \smash on input line 939.
LaTeX Info: Redefining \relbar on input line 969.
LaTeX Info: Redefining \Relbar on input line 970.
\c@MaxMatrixCols=\count289
\dotsspace@=\muskip17
\c@parentequation=\count290
\dspbrk@lvl=\count291
\tag@help=\toks18
\row@=\count292
\column@=\count293
\maxfields@=\count294
\andhelp@=\toks19
\eqnshift@=\dimen152
\alignsep@=\dimen153
\tagshift@=\dimen154
\tagwidth@=\dimen155
\totwidth@=\dimen156
\lineht@=\dimen157
\@envbody=\toks20
\multlinegap=\skip52
\multlinetaggap=\skip53
\mathdisplay@stack=\toks21
LaTeX Info: Redefining \[ on input line 2949.
LaTeX Info: Redefining \] on input line 2950.
) (/Users/lclement/Library/TinyTeX/texmf-dist/tex/latex/amsfonts/amssymb.sty
Package: amssymb 2013/01/14 v3.01 AMS font symbols
(/Users/lclement/Library/TinyTeX/texmf-dist/tex/latex/amsfonts/amsfonts.sty
Package: amsfonts 2013/01/14 v3.01 Basic AMSFonts support
\symAMSa=\mathgroup4
\symAMSb=\mathgroup5
LaTeX Font Info:    Redeclaring math symbol \hbar on input line 98.
LaTeX Font Info:    Overwriting math alphabet `\mathfrak' in version `bold'
(Font)                  U/euf/m/n --> U/euf/b/n on input line 106.
)) (/Users/lclement/Library/TinyTeX/texmf-dist/tex/generic/iftex/iftex.sty
Package: iftex 2024/12/12 v1.0g TeX engine tests
) (/Users/lclement/Library/TinyTeX/texmf-dist/tex/latex/base/fontenc.sty
Package: fontenc 2024/12/21 v2.1c Standard LaTeX package
) (/Users/lclement/Library/TinyTeX/texmf-dist/tex/latex/base/inputenc.sty
Package: inputenc 2024/02/08 v1.3d Input encoding file
\inpenc@prehook=\toks22
\inpenc@posthook=\toks23
) (/Users/lclement/Library/TinyTeX/texmf-dist/tex/latex/base/textcomp.sty
Package: textcomp 2024/04/24 v2.1b Standard LaTeX package
) (/Users/lclement/Library/TinyTeX/texmf-dist/tex/latex/lm/lmodern.sty
Package: lmodern 2015/05/01 v1.6.1 Latin Modern Fonts
LaTeX Font Info:    Overwriting symbol font `operators' in version `normal'
(Font)                  OT1/cmr/m/n --> OT1/lmr/m/n on input line 22.
LaTeX Font Info:    Overwriting symbol font `letters' in version `normal'
(Font)                  OML/cmm/m/it --> OML/lmm/m/it on input line 23.
LaTeX Font Info:    Overwriting symbol font `symbols' in version `normal'
(Font)                  OMS/cmsy/m/n --> OMS/lmsy/m/n on input line 24.
LaTeX Font Info:    Overwriting symbol font `largesymbols' in version `normal'
(Font)                  OMX/cmex/m/n --> OMX/lmex/m/n on input line 25.
LaTeX Font Info:    Overwriting symbol font `operators' in version `bold'
(Font)                  OT1/cmr/bx/n --> OT1/lmr/bx/n on input line 26.
LaTeX Font Info:    Overwriting symbol font `letters' in version `bold'
(Font)                  OML/cmm/b/it --> OML/lmm/b/it on input line 27.
LaTeX Font Info:    Overwriting symbol font `symbols' in version `bold'
(Font)                  OMS/cmsy/b/n --> OMS/lmsy/b/n on input line 28.
LaTeX Font Info:    Overwriting symbol font `largesymbols' in version `bold'
(Font)                  OMX/cmex/m/n --> OMX/lmex/m/n on input line 29.
LaTeX Font Info:    Overwriting math alphabet `\mathbf' in version `normal'
(Font)                  OT1/cmr/bx/n --> OT1/lmr/bx/n on input line 31.
LaTeX Font Info:    Overwriting math alphabet `\mathsf' in version `normal'
(Font)                  OT1/cmss/m/n --> OT1/lmss/m/n on input line 32.
LaTeX Font Info:    Overwriting math alphabet `\mathit' in version `normal'
(Font)                  OT1/cmr/m/it --> OT1/lmr/m/it on input line 33.
LaTeX Font Info:    Overwriting math alphabet `\mathtt' in version `normal'
(Font)                  OT1/cmtt/m/n --> OT1/lmtt/m/n on input line 34.
LaTeX Font Info:    Overwriting math alphabet `\mathbf' in version `bold'
(Font)                  OT1/cmr/bx/n --> OT1/lmr/bx/n on input line 35.
LaTeX Font Info:    Overwriting math alphabet `\mathsf' in version `bold'
(Font)                  OT1/cmss/bx/n --> OT1/lmss/bx/n on input line 36.
LaTeX Font Info:    Overwriting math alphabet `\mathit' in version `bold'
(Font)                  OT1/cmr/bx/it --> OT1/lmr/bx/it on input line 37.
LaTeX Font Info:    Overwriting math alphabet `\mathtt' in version `bold'
(Font)                  OT1/cmtt/m/n --> OT1/lmtt/m/n on input line 38.
) (/Users/lclement/Library/TinyTeX/texmf-dist/tex/latex/upquote/upquote.sty
Package: upquote 2012/04/19 v1.3 upright-quote and grave-accent glyphs in verbatim
) (/Users/lclement/Library/TinyTeX/texmf-dist/tex/latex/microtype/microtype.sty
Package: microtype 2025/02/11 v3.2a Micro-typographical refinements (RS)
(/Users/lclement/Library/TinyTeX/texmf-dist/tex/latex/graphics/keyval.sty
Package: keyval 2022/05/29 v1.15 key=value parser (DPC)
\KV@toks@=\toks24
) (/Users/lclement/Library/TinyTeX/texmf-dist/tex/latex/etoolbox/etoolbox.sty
Package: etoolbox 2025/02/11 v2.5l e-TeX tools for LaTeX (JAW)
\etb@tempcnta=\count295
)
\MT@toks=\toks25
\MT@tempbox=\box55
\MT@count=\count296
LaTeX Info: Redefining \noprotrusionifhmode on input line 1087.
LaTeX Info: Redefining \leftprotrusion on input line 1088.
\MT@prot@toks=\toks26
LaTeX Info: Redefining \rightprotrusion on input line 1107.
LaTeX Info: Redefining \textls on input line 1449.
\MT@outer@kern=\dimen158
LaTeX Info: Redefining \microtypecontext on input line 2053.
LaTeX Info: Redefining \textmicrotypecontext on input line 2070.
\MT@listname@count=\count297
(/Users/lclement/Library/TinyTeX/texmf-dist/tex/latex/microtype/microtype-pdftex.def
File: microtype-pdftex.def 2025/02/11 v3.2a Definitions specific to pdftex (RS)
LaTeX Info: Redefining \lsstyle on input line 944.
LaTeX Info: Redefining \lslig on input line 944.
\MT@outer@space=\skip54
)
Package microtype Info: Loading configuration file microtype.cfg.
(/Users/lclement/Library/TinyTeX/texmf-dist/tex/latex/microtype/microtype.cfg
File: microtype.cfg 2025/02/11 v3.2a microtype main configuration file (RS)
)
LaTeX Info: Redefining \microtypesetup on input line 3065.
) (/Users/lclement/Library/TinyTeX/texmf-dist/tex/latex/parskip/parskip.sty
Package: parskip 2021-03-14 v2.0h non-zero parskip adjustments
(/Users/lclement/Library/TinyTeX/texmf-dist/tex/latex/kvoptions/kvoptions.sty
Package: kvoptions 2022-06-15 v3.15 Key value format for package options (HO)
(/Users/lclement/Library/TinyTeX/texmf-dist/tex/generic/ltxcmds/ltxcmds.sty
Package: ltxcmds 2023-12-04 v1.26 LaTeX kernel commands for general use (HO)
) (/Users/lclement/Library/TinyTeX/texmf-dist/tex/latex/kvsetkeys/kvsetkeys.sty
Package: kvsetkeys 2022-10-05 v1.19 Key value parser (HO)
))) (/Users/lclement/Library/TinyTeX/texmf-dist/tex/latex/xcolor/xcolor.sty
Package: xcolor 2024/09/29 v3.02 LaTeX color extensions (UK)
(/Users/lclement/Library/TinyTeX/texmf-dist/tex/latex/graphics-cfg/color.cfg
File: color.cfg 2016/01/02 v1.6 sample color configuration
)
Package xcolor Info: Driver file: pdftex.def on input line 274.
(/Users/lclement/Library/TinyTeX/texmf-dist/tex/latex/graphics-def/pdftex.def
File: pdftex.def 2024/04/13 v1.2c Graphics/color driver for pdftex
) (/Users/lclement/Library/TinyTeX/texmf-dist/tex/latex/graphics/mathcolor.ltx)
Package xcolor Info: Model `cmy' substituted by `cmy0' on input line 1349.
Package xcolor Info: Model `hsb' substituted by `rgb' on input line 1353.
Package xcolor Info: Model `RGB' extended on input line 1365.
Package xcolor Info: Model `HTML' substituted by `rgb' on input line 1367.
Package xcolor Info: Model `Hsb' substituted by `hsb' on input line 1368.
Package xcolor Info: Model `tHsb' substituted by `hsb' on input line 1369.
Package xcolor Info: Model `HSB' substituted by `hsb' on input line 1370.
Package xcolor Info: Model `Gray' substituted by `gray' on input line 1371.
Package xcolor Info: Model `wave' substituted by `hsb' on input line 1372.
) (/Users/lclement/Library/TinyTeX/texmf-dist/tex/latex/graphics/dvipsnam.def
File: dvipsnam.def 2016/06/17 v3.0m Driver-dependent file (DPC,SPQR)
) (/Users/lclement/Library/TinyTeX/texmf-dist/tex/latex/xcolor/svgnam.def
File: svgnam.def 2024/09/29 v3.02 Predefined colors according to SVG 1.1 (UK)
) (/Users/lclement/Library/TinyTeX/texmf-dist/tex/latex/xcolor/x11nam.def
File: x11nam.def 2024/09/29 v3.02 Predefined colors according to Unix/X11 (UK)
) (/Users/lclement/Library/TinyTeX/texmf-dist/tex/latex/geometry/geometry.sty
Package: geometry 2020/01/02 v5.9 Page Geometry
(/Users/lclement/Library/TinyTeX/texmf-dist/tex/generic/iftex/ifvtex.sty
Package: ifvtex 2019/10/25 v1.7 ifvtex legacy package. Use iftex instead.
)
\Gm@cnth=\count298
\Gm@cntv=\count299
\c@Gm@tempcnt=\count300
\Gm@bindingoffset=\dimen159
\Gm@wd@mp=\dimen160
\Gm@odd@mp=\dimen161
\Gm@even@mp=\dimen162
\Gm@layoutwidth=\dimen163
\Gm@layoutheight=\dimen164
\Gm@layouthoffset=\dimen165
\Gm@layoutvoffset=\dimen166
\Gm@dimlist=\toks27
) (/Users/lclement/Library/TinyTeX/texmf-dist/tex/latex/fancyvrb/fancyvrb.sty
Package: fancyvrb 2024/01/20 4.5c verbatim text (tvz,hv)
\FV@CodeLineNo=\count301
\FV@InFile=\read2
\FV@TabBox=\box56
\c@FancyVerbLine=\count302
\FV@StepNumber=\count303
\FV@OutFile=\write3
) (/Users/lclement/Library/TinyTeX/texmf-dist/tex/latex/framed/framed.sty
Package: framed 2011/10/22 v 0.96: framed or shaded text with page breaks
\OuterFrameSep=\skip55
\fb@frw=\dimen167
\fb@frh=\dimen168
\FrameRule=\dimen169
\FrameSep=\dimen170
) (/Users/lclement/Library/TinyTeX/texmf-dist/tex/latex/graphics/graphicx.sty
Package: graphicx 2024/12/31 v1.2e Enhanced LaTeX Graphics (DPC,SPQR)
(/Users/lclement/Library/TinyTeX/texmf-dist/tex/latex/graphics/graphics.sty
Package: graphics 2024/08/06 v1.4g Standard LaTeX Graphics (DPC,SPQR)
(/Users/lclement/Library/TinyTeX/texmf-dist/tex/latex/graphics/trig.sty
Package: trig 2023/12/02 v1.11 sin cos tan (DPC)
) (/Users/lclement/Library/TinyTeX/texmf-dist/tex/latex/graphics-cfg/graphics.cfg
File: graphics.cfg 2016/06/04 v1.11 sample graphics configuration
)
Package graphics Info: Driver file: pdftex.def on input line 106.
)
\Gin@req@height=\dimen171
\Gin@req@width=\dimen172
)
\pandoc@box=\box57
(/Users/lclement/Library/TinyTeX/texmf-dist/tex/latex/bookmark/bookmark.sty
Package: bookmark 2023-12-10 v1.31 PDF bookmarks (HO)
(/Users/lclement/Library/TinyTeX/texmf-dist/tex/latex/hyperref/hyperref.sty
Package: hyperref 2025-05-20 v7.01m Hypertext links for LaTeX
(/Users/lclement/Library/TinyTeX/texmf-dist/tex/generic/kvdefinekeys/kvdefinekeys.sty
Package: kvdefinekeys 2019-12-19 v1.6 Define keys (HO)
) (/Users/lclement/Library/TinyTeX/texmf-dist/tex/generic/pdfescape/pdfescape.sty
Package: pdfescape 2019/12/09 v1.15 Implements pdfTeX's escape features (HO)
(/Users/lclement/Library/TinyTeX/texmf-dist/tex/generic/pdftexcmds/pdftexcmds.sty
Package: pdftexcmds 2020-06-27 v0.33 Utility functions of pdfTeX for LuaTeX (HO)
(/Users/lclement/Library/TinyTeX/texmf-dist/tex/generic/infwarerr/infwarerr.sty
Package: infwarerr 2019/12/03 v1.5 Providing info/warning/error messages (HO)
)
Package pdftexcmds Info: \pdf@primitive is available.
Package pdftexcmds Info: \pdf@ifprimitive is available.
Package pdftexcmds Info: \pdfdraftmode found.
)) (/Users/lclement/Library/TinyTeX/texmf-dist/tex/latex/hycolor/hycolor.sty
Package: hycolor 2020-01-27 v1.10 Color options for hyperref/bookmark (HO)
) (/Users/lclement/Library/TinyTeX/texmf-dist/tex/latex/hyperref/nameref.sty
Package: nameref 2023-11-26 v2.56 Cross-referencing by name of section
(/Users/lclement/Library/TinyTeX/texmf-dist/tex/latex/refcount/refcount.sty
Package: refcount 2019/12/15 v3.6 Data extraction from label references (HO)
) (/Users/lclement/Library/TinyTeX/texmf-dist/tex/generic/gettitlestring/gettitlestring.sty
Package: gettitlestring 2019/12/15 v1.6 Cleanup title references (HO)
)
\c@section@level=\count304
) (/Users/lclement/Library/TinyTeX/texmf-dist/tex/generic/stringenc/stringenc.sty
Package: stringenc 2019/11/29 v1.12 Convert strings between diff. encodings (HO)
)
\@linkdim=\dimen173
\Hy@linkcounter=\count305
\Hy@pagecounter=\count306
(/Users/lclement/Library/TinyTeX/texmf-dist/tex/latex/hyperref/pd1enc.def
File: pd1enc.def 2025-05-20 v7.01m Hyperref: PDFDocEncoding definition (HO)
Now handling font encoding PD1 ...
... no UTF-8 mapping file for font encoding PD1
) (/Users/lclement/Library/TinyTeX/texmf-dist/tex/generic/intcalc/intcalc.sty
Package: intcalc 2019/12/15 v1.3 Expandable calculations with integers (HO)
)
\Hy@SavedSpaceFactor=\count307
(/Users/lclement/Library/TinyTeX/texmf-dist/tex/latex/hyperref/puenc.def
File: puenc.def 2025-05-20 v7.01m Hyperref: PDF Unicode definition (HO)
Now handling font encoding PU ...
... no UTF-8 mapping file for font encoding PU
)
Package hyperref Info: Option `unicode' set `true' on input line 4040.
Package hyperref Info: Hyper figures OFF on input line 4157.
Package hyperref Info: Link nesting OFF on input line 4162.
Package hyperref Info: Hyper index ON on input line 4165.
Package hyperref Info: Plain pages OFF on input line 4172.
Package hyperref Info: Backreferencing OFF on input line 4177.
Package hyperref Info: Implicit mode ON; LaTeX internals redefined.
Package hyperref Info: Bookmarks ON on input line 4424.
\c@Hy@tempcnt=\count308
(/Users/lclement/Library/TinyTeX/texmf-dist/tex/latex/url/url.sty
\Urlmuskip=\muskip18
Package: url 2013/09/16  ver 3.4  Verb mode for urls, etc.
)
LaTeX Info: Redefining \url on input line 4763.
\XeTeXLinkMargin=\dimen174
(/Users/lclement/Library/TinyTeX/texmf-dist/tex/generic/bitset/bitset.sty
Package: bitset 2019/12/09 v1.3 Handle bit-vector datatype (HO)
(/Users/lclement/Library/TinyTeX/texmf-dist/tex/generic/bigintcalc/bigintcalc.sty
Package: bigintcalc 2019/12/15 v1.5 Expandable calculations on big integers (HO)
))
\Fld@menulength=\count309
\Field@Width=\dimen175
\Fld@charsize=\dimen176
Package hyperref Info: Hyper figures OFF on input line 6042.
Package hyperref Info: Link nesting OFF on input line 6047.
Package hyperref Info: Hyper index ON on input line 6050.
Package hyperref Info: backreferencing OFF on input line 6057.
Package hyperref Info: Link coloring OFF on input line 6062.
Package hyperref Info: Link coloring with OCG OFF on input line 6067.
Package hyperref Info: PDF/A mode OFF on input line 6072.
(/Users/lclement/Library/TinyTeX/texmf-dist/tex/latex/base/atbegshi-ltx.sty
Package: atbegshi-ltx 2021/01/10 v1.0c Emulation of the original atbegshi
package with kernel methods
)
\Hy@abspage=\count310
\c@Item=\count311
\c@Hfootnote=\count312
)
Package hyperref Info: Driver (autodetected): hpdftex.
(/Users/lclement/Library/TinyTeX/texmf-dist/tex/latex/hyperref/hpdftex.def
File: hpdftex.def 2025-05-20 v7.01m Hyperref driver for pdfTeX
\Fld@listcount=\count313
\c@bookmark@seq@number=\count314
(/Users/lclement/Library/TinyTeX/texmf-dist/tex/latex/rerunfilecheck/rerunfilecheck.sty
Package: rerunfilecheck 2022-07-10 v1.10 Rerun checks for auxiliary files (HO)
(/Users/lclement/Library/TinyTeX/texmf-dist/tex/latex/base/atveryend-ltx.sty
Package: atveryend-ltx 2020/08/19 v1.0a Emulation of the original atveryend package
with kernel methods
) (/Users/lclement/Library/TinyTeX/texmf-dist/tex/generic/uniquecounter/uniquecounter.sty
Package: uniquecounter 2019/12/15 v1.4 Provide unlimited unique counter (HO)
)
Package uniquecounter Info: New unique counter `rerunfilecheck' on input line 285.
)
\Hy@SectionHShift=\skip56
) (/Users/lclement/Library/TinyTeX/texmf-dist/tex/latex/bookmark/bkm-pdftex.def
File: bkm-pdftex.def 2023-12-10 v1.31 bookmark driver for pdfTeX and luaTeX (HO)
\BKM@id=\count315
))
Package hyperref Info: Option `colorlinks' set `true' on input line 111.
LaTeX Font Info:    Trying to load font information for T1+lmr on input line 117.
(/Users/lclement/Library/TinyTeX/texmf-dist/tex/latex/lm/t1lmr.fd
File: t1lmr.fd 2015/05/01 v1.6.1 Font defs for Latin Modern
) (/Users/lclement/Library/TinyTeX/texmf-dist/tex/latex/l3backend/l3backend-pdftex.def
File: l3backend-pdftex.def 2025-04-14 L3 backend support: PDF output (pdfTeX)
\l__color_backend_stack_int=\count316
) (./cptac_robust.aux)
\openout1 = `cptac_robust.aux'.

LaTeX Font Info:    Checking defaults for OML/cmm/m/it on input line 117.
LaTeX Font Info:    ... okay on input line 117.
LaTeX Font Info:    Checking defaults for OMS/cmsy/m/n on input line 117.
LaTeX Font Info:    ... okay on input line 117.
LaTeX Font Info:    Checking defaults for OT1/cmr/m/n on input line 117.
LaTeX Font Info:    ... okay on input line 117.
LaTeX Font Info:    Checking defaults for T1/cmr/m/n on input line 117.
LaTeX Font Info:    ... okay on input line 117.
LaTeX Font Info:    Checking defaults for TS1/cmr/m/n on input line 117.
LaTeX Font Info:    ... okay on input line 117.
LaTeX Font Info:    Checking defaults for OMX/cmex/m/n on input line 117.
LaTeX Font Info:    ... okay on input line 117.
LaTeX Font Info:    Checking defaults for U/cmr/m/n on input line 117.
LaTeX Font Info:    ... okay on input line 117.
LaTeX Font Info:    Checking defaults for PD1/pdf/m/n on input line 117.
LaTeX Font Info:    ... okay on input line 117.
LaTeX Font Info:    Checking defaults for PU/pdf/m/n on input line 117.
LaTeX Font Info:    ... okay on input line 117.
LaTeX Info: Redefining \microtypecontext on input line 117.
Package microtype Info: Applying patch `item' on input line 117.
Package microtype Info: Applying patch `toc' on input line 117.
Package microtype Info: Applying patch `eqnum' on input line 117.
Package microtype Info: Applying patch `footnote' on input line 117.
Package microtype Info: Applying patch `verbatim' on input line 117.
LaTeX Info: Redefining \microtypesetup on input line 117.
Package microtype Info: Generating PDF output.
Package microtype Info: Character protrusion enabled (level 2).
Package microtype Info: Using protrusion set `basicmath'.
Package microtype Info: Automatic font expansion enabled (level 2),
(microtype)             stretch: 20, shrink: 20, step: 1, non-selected.
Package microtype Info: Using default expansion set `alltext-nott'.

LaTeX Warning: Command \showhyphens   has changed.
               Check if current package is valid.

LaTeX Info: Redefining \showhyphens on input line 117.
Package microtype Info: No adjustment of tracking.
Package microtype Info: No adjustment of interword spacing.
Package microtype Info: No adjustment of character kerning.
(/Users/lclement/Library/TinyTeX/texmf-dist/tex/latex/microtype/mt-cmr.cfg
File: mt-cmr.cfg 2013/05/19 v2.2 microtype config. file: Computer Modern Roman (RS)
) (/Users/lclement/Library/TinyTeX/texmf-dist/tex/latex/epstopdf-pkg/epstopdf-base.sty
Package: epstopdf-base 2020-01-24 v2.11 Base part for package epstopdf
Package epstopdf-base Info: Redefining graphics rule for `.eps' on input line 485.
(/Users/lclement/Library/TinyTeX/texmf-dist/tex/latex/latexconfig/epstopdf-sys.cfg
File: epstopdf-sys.cfg 2010/07/13 v1.3 Configuration of (r)epstopdf for TeX Live
))
*geometry* driver: auto-detecting
*geometry* detected driver: pdftex
*geometry* verbose mode - [ preamble ] result:
* driver: pdftex
* paper: <default>
* layout: <same size as paper>
* layoutoffset:(h,v)=(0.0pt,0.0pt)
* modes: 
* h-part:(L,W,R)=(72.26999pt, 469.75502pt, 72.26999pt)
* v-part:(T,H,B)=(72.26999pt, 650.43001pt, 72.26999pt)
* \paperwidth=614.295pt
* \paperheight=794.96999pt
* \textwidth=469.75502pt
* \textheight=650.43001pt
* \oddsidemargin=0.0pt
* \evensidemargin=0.0pt
* \topmargin=-37.0pt
* \headheight=12.0pt
* \headsep=25.0pt
* \topskip=10.0pt
* \footskip=30.0pt
* \marginparwidth=65.0pt
* \marginparsep=11.0pt
* \columnsep=10.0pt
* \skip\footins=9.0pt plus 4.0pt minus 2.0pt
* \hoffset=0.0pt
* \voffset=0.0pt
* \mag=1000
* \@twocolumnfalse
* \@twosidefalse
* \@mparswitchfalse
* \@reversemarginfalse
* (1in=72.27pt=25.4mm, 1cm=28.453pt)

Package hyperref Info: Link coloring ON on input line 117.
LaTeX Font Info:    Trying to load font information for OT1+lmr on input line 119.
(/Users/lclement/Library/TinyTeX/texmf-dist/tex/latex/lm/ot1lmr.fd
File: ot1lmr.fd 2015/05/01 v1.6.1 Font defs for Latin Modern
)
LaTeX Font Info:    Trying to load font information for OML+lmm on input line 119.
(/Users/lclement/Library/TinyTeX/texmf-dist/tex/latex/lm/omllmm.fd
File: omllmm.fd 2015/05/01 v1.6.1 Font defs for Latin Modern
)
LaTeX Font Info:    Trying to load font information for OMS+lmsy on input line 119.
(/Users/lclement/Library/TinyTeX/texmf-dist/tex/latex/lm/omslmsy.fd
File: omslmsy.fd 2015/05/01 v1.6.1 Font defs for Latin Modern
)
LaTeX Font Info:    Trying to load font information for OMX+lmex on input line 119.
(/Users/lclement/Library/TinyTeX/texmf-dist/tex/latex/lm/omxlmex.fd
File: omxlmex.fd 2015/05/01 v1.6.1 Font defs for Latin Modern
)
LaTeX Font Info:    External font `lmex10' loaded for size
(Font)              <12> on input line 119.
LaTeX Font Info:    External font `lmex10' loaded for size
(Font)              <8> on input line 119.
LaTeX Font Info:    External font `lmex10' loaded for size
(Font)              <6> on input line 119.
LaTeX Font Info:    Trying to load font information for U+msa on input line 119.
(/Users/lclement/Library/TinyTeX/texmf-dist/tex/latex/amsfonts/umsa.fd
File: umsa.fd 2013/01/14 v3.01 AMS symbols A
) (/Users/lclement/Library/TinyTeX/texmf-dist/tex/latex/microtype/mt-msa.cfg
File: mt-msa.cfg 2006/02/04 v1.1 microtype config. file: AMS symbols (a) (RS)
)
LaTeX Font Info:    Trying to load font information for U+msb on input line 119.
(/Users/lclement/Library/TinyTeX/texmf-dist/tex/latex/amsfonts/umsb.fd
File: umsb.fd 2013/01/14 v3.01 AMS symbols B
) (/Users/lclement/Library/TinyTeX/texmf-dist/tex/latex/microtype/mt-msb.cfg
File: mt-msb.cfg 2005/06/01 v1.0 microtype config. file: AMS symbols (b) (RS)
) (./cptac_robust.toc
LaTeX Font Info:    External font `lmex10' loaded for size
(Font)              <10> on input line 3.
LaTeX Font Info:    External font `lmex10' loaded for size
(Font)              <7> on input line 3.
LaTeX Font Info:    External font `lmex10' loaded for size
(Font)              <5> on input line 3.
)
\tf@toc=\write4
\openout4 = `cptac_robust.toc'.

LaTeX Font Info:    Trying to load font information for T1+lmtt on input line 150.
(/Users/lclement/Library/TinyTeX/texmf-dist/tex/latex/lm/t1lmtt.fd
File: t1lmtt.fd 2015/05/01 v1.6.1 Font defs for Latin Modern
)

[1

{/Users/lclement/Library/TinyTeX/texmf-var/fonts/map/pdftex/updmap/pdftex.map}{/Users/lclement/Library/TinyTeX/texmf-dist/fonts/enc/dvips/lm/lm-ec.enc}{/Users/lclement/Library/TinyTeX/texmf-dist/fonts/enc/dvips/lm/lm-mathit.enc}]
LaTeX Font Info:    Font shape `T1/lmtt/bx/n' in size <10> not available
(Font)              Font shape `T1/lmtt/b/n' tried instead on input line 167.
LaTeX Font Info:    Trying to load font information for TS1+lmtt on input line 237.
(/Users/lclement/Library/TinyTeX/texmf-dist/tex/latex/lm/ts1lmtt.fd
File: ts1lmtt.fd 2015/05/01 v1.6.1 Font defs for Latin Modern
)

[2{/Users/lclement/Library/TinyTeX/texmf-dist/fonts/enc/dvips/lm/lm-ts1.enc}]
LaTeX Font Info:    Trying to load font information for TS1+lmr on input line 322.
(/Users/lclement/Library/TinyTeX/texmf-dist/tex/latex/lm/ts1lmr.fd
File: ts1lmr.fd 2015/05/01 v1.6.1 Font defs for Latin Modern
)

LaTeX Font Warning: Font shape `T1/lmtt/bx/it' in size <10> not available
(Font)              Font shape `T1/lmtt/b/sl' tried instead on input line 353.



[3]
<cptac_robust_files/figure-latex/unnamed-chunk-12-1.pdf, id=69, 469.755pt x 325.215pt>
File: cptac_robust_files/figure-latex/unnamed-chunk-12-1.pdf Graphic file (type pdf)
<use cptac_robust_files/figure-latex/unnamed-chunk-12-1.pdf>
Package pdftex.def Info: cptac_robust_files/figure-latex/unnamed-chunk-12-1.pdf  used on input line 460.
(pdftex.def)             Requested size: 469.75386pt x 325.2142pt.


[4{/Users/lclement/Library/TinyTeX/texmf-dist/fonts/enc/dvips/lm/lm-rm.enc}{/Users/lclement/Library/TinyTeX/texmf-dist/fonts/enc/dvips/lm/lm-mathsy.enc}]
Overfull \vbox (1.95093pt too high) detected at line 497
 []



[5 <./cptac_robust_files/figure-latex/unnamed-chunk-12-1.pdf>]
<cptac_robust_files/figure-latex/unnamed-chunk-13-1.pdf, id=87, 469.755pt x 325.215pt>
File: cptac_robust_files/figure-latex/unnamed-chunk-13-1.pdf Graphic file (type pdf)
<use cptac_robust_files/figure-latex/unnamed-chunk-13-1.pdf>
Package pdftex.def Info: cptac_robust_files/figure-latex/unnamed-chunk-13-1.pdf  used on input line 499.
(pdftex.def)             Requested size: 469.75386pt x 325.2142pt.


[6 <./cptac_robust_files/figure-latex/unnamed-chunk-13-1.pdf>]
<cptac_robust_files/figure-latex/unnamed-chunk-16-1.pdf, id=97, 469.755pt x 325.215pt>
File: cptac_robust_files/figure-latex/unnamed-chunk-16-1.pdf Graphic file (type pdf)
<use cptac_robust_files/figure-latex/unnamed-chunk-16-1.pdf>
Package pdftex.def Info: cptac_robust_files/figure-latex/unnamed-chunk-16-1.pdf  used on input line 560.
(pdftex.def)             Requested size: 469.75386pt x 325.2142pt.

Underfull \hbox (badness 10000) in paragraph at lines 560--564
[][]
 []



[7 <./cptac_robust_files/figure-latex/unnamed-chunk-16-1.pdf>]
<cptac_robust_files/figure-latex/unnamed-chunk-19-1.pdf, id=108, 469.755pt x 325.215pt>
File: cptac_robust_files/figure-latex/unnamed-chunk-19-1.pdf Graphic file (type pdf)
<use cptac_robust_files/figure-latex/unnamed-chunk-19-1.pdf>
Package pdftex.def Info: cptac_robust_files/figure-latex/unnamed-chunk-19-1.pdf  used on input line 613.
(pdftex.def)             Requested size: 469.75386pt x 325.2142pt.


[8 <./cptac_robust_files/figure-latex/unnamed-chunk-19-1.pdf>]
<cptac_robust_files/figure-latex/unnamed-chunk-21-1.pdf, id=118, 469.755pt x 325.215pt>
File: cptac_robust_files/figure-latex/unnamed-chunk-21-1.pdf Graphic file (type pdf)
<use cptac_robust_files/figure-latex/unnamed-chunk-21-1.pdf>
Package pdftex.def Info: cptac_robust_files/figure-latex/unnamed-chunk-21-1.pdf  used on input line 643.
(pdftex.def)             Requested size: 469.75386pt x 325.2142pt.
<cptac_robust_files/figure-latex/unnamed-chunk-22-1.pdf, id=119, 469.755pt x 325.215pt>
File: cptac_robust_files/figure-latex/unnamed-chunk-22-1.pdf Graphic file (type pdf)
<use cptac_robust_files/figure-latex/unnamed-chunk-22-1.pdf>
Package pdftex.def Info: cptac_robust_files/figure-latex/unnamed-chunk-22-1.pdf  used on input line 661.
(pdftex.def)             Requested size: 469.75386pt x 325.2142pt.


[9 <./cptac_robust_files/figure-latex/unnamed-chunk-21-1.pdf>]

[10 <./cptac_robust_files/figure-latex/unnamed-chunk-22-1.pdf>]
<cptac_robust_files/figure-latex/unnamed-chunk-23-1.pdf, id=146, 469.755pt x 325.215pt>
File: cptac_robust_files/figure-latex/unnamed-chunk-23-1.pdf Graphic file (type pdf)
<use cptac_robust_files/figure-latex/unnamed-chunk-23-1.pdf>
Package pdftex.def Info: cptac_robust_files/figure-latex/unnamed-chunk-23-1.pdf  used on input line 708.
(pdftex.def)             Requested size: 469.75386pt x 325.2142pt.


[11 <./cptac_robust_files/figure-latex/unnamed-chunk-23-1.pdf>]
<cptac_robust_files/figure-latex/unnamed-chunk-24-1.pdf, id=157, 469.755pt x 325.215pt>
File: cptac_robust_files/figure-latex/unnamed-chunk-24-1.pdf Graphic file (type pdf)
<use cptac_robust_files/figure-latex/unnamed-chunk-24-1.pdf>
Package pdftex.def Info: cptac_robust_files/figure-latex/unnamed-chunk-24-1.pdf  used on input line 752.
(pdftex.def)             Requested size: 469.75386pt x 325.2142pt.
<cptac_robust_files/figure-latex/unnamed-chunk-24-2.pdf, id=158, 469.755pt x 325.215pt>
File: cptac_robust_files/figure-latex/unnamed-chunk-24-2.pdf Graphic file (type pdf)
<use cptac_robust_files/figure-latex/unnamed-chunk-24-2.pdf>
Package pdftex.def Info: cptac_robust_files/figure-latex/unnamed-chunk-24-2.pdf  used on input line 753.
(pdftex.def)             Requested size: 469.75386pt x 325.2142pt.
<cptac_robust_files/figure-latex/unnamed-chunk-24-3.pdf, id=159, 469.755pt x 325.215pt>
File: cptac_robust_files/figure-latex/unnamed-chunk-24-3.pdf Graphic file (type pdf)
<use cptac_robust_files/figure-latex/unnamed-chunk-24-3.pdf>
Package pdftex.def Info: cptac_robust_files/figure-latex/unnamed-chunk-24-3.pdf  used on input line 754.
(pdftex.def)             Requested size: 469.75386pt x 325.2142pt.
<cptac_robust_files/figure-latex/unnamed-chunk-24-4.pdf, id=160, 469.755pt x 325.215pt>
File: cptac_robust_files/figure-latex/unnamed-chunk-24-4.pdf Graphic file (type pdf)
<use cptac_robust_files/figure-latex/unnamed-chunk-24-4.pdf>
Package pdftex.def Info: cptac_robust_files/figure-latex/unnamed-chunk-24-4.pdf  used on input line 755.
(pdftex.def)             Requested size: 469.75386pt x 325.2142pt.
<cptac_robust_files/figure-latex/unnamed-chunk-24-5.pdf, id=161, 469.755pt x 325.215pt>
File: cptac_robust_files/figure-latex/unnamed-chunk-24-5.pdf Graphic file (type pdf)
<use cptac_robust_files/figure-latex/unnamed-chunk-24-5.pdf>
Package pdftex.def Info: cptac_robust_files/figure-latex/unnamed-chunk-24-5.pdf  used on input line 756.
(pdftex.def)             Requested size: 469.75386pt x 325.2142pt.
<cptac_robust_files/figure-latex/unnamed-chunk-24-6.pdf, id=162, 469.755pt x 325.215pt>
File: cptac_robust_files/figure-latex/unnamed-chunk-24-6.pdf Graphic file (type pdf)
<use cptac_robust_files/figure-latex/unnamed-chunk-24-6.pdf>
Package pdftex.def Info: cptac_robust_files/figure-latex/unnamed-chunk-24-6.pdf  used on input line 757.
(pdftex.def)             Requested size: 469.75386pt x 325.2142pt.
<cptac_robust_files/figure-latex/unnamed-chunk-24-7.pdf, id=163, 469.755pt x 325.215pt>
File: cptac_robust_files/figure-latex/unnamed-chunk-24-7.pdf Graphic file (type pdf)
<use cptac_robust_files/figure-latex/unnamed-chunk-24-7.pdf>
Package pdftex.def Info: cptac_robust_files/figure-latex/unnamed-chunk-24-7.pdf  used on input line 758.
(pdftex.def)             Requested size: 469.75386pt x 325.2142pt.
<cptac_robust_files/figure-latex/unnamed-chunk-24-8.pdf, id=164, 469.755pt x 325.215pt>
File: cptac_robust_files/figure-latex/unnamed-chunk-24-8.pdf Graphic file (type pdf)
<use cptac_robust_files/figure-latex/unnamed-chunk-24-8.pdf>
Package pdftex.def Info: cptac_robust_files/figure-latex/unnamed-chunk-24-8.pdf  used on input line 759.
(pdftex.def)             Requested size: 469.75386pt x 325.2142pt.
<cptac_robust_files/figure-latex/unnamed-chunk-24-9.pdf, id=165, 469.755pt x 325.215pt>
File: cptac_robust_files/figure-latex/unnamed-chunk-24-9.pdf Graphic file (type pdf)
<use cptac_robust_files/figure-latex/unnamed-chunk-24-9.pdf>
Package pdftex.def Info: cptac_robust_files/figure-latex/unnamed-chunk-24-9.pdf  used on input line 760.
(pdftex.def)             Requested size: 469.75386pt x 325.2142pt.
<cptac_robust_files/figure-latex/unnamed-chunk-24-10.pdf, id=166, 469.755pt x 325.215pt>
File: cptac_robust_files/figure-latex/unnamed-chunk-24-10.pdf Graphic file (type pdf)
<use cptac_robust_files/figure-latex/unnamed-chunk-24-10.pdf>
Package pdftex.def Info: cptac_robust_files/figure-latex/unnamed-chunk-24-10.pdf  used on input line 761.
(pdftex.def)             Requested size: 469.75386pt x 325.2142pt.
<cptac_robust_files/figure-latex/unnamed-chunk-24-11.pdf, id=167, 469.755pt x 325.215pt>
File: cptac_robust_files/figure-latex/unnamed-chunk-24-11.pdf Graphic file (type pdf)
<use cptac_robust_files/figure-latex/unnamed-chunk-24-11.pdf>
Package pdftex.def Info: cptac_robust_files/figure-latex/unnamed-chunk-24-11.pdf  used on input line 762.
(pdftex.def)             Requested size: 469.75386pt x 325.2142pt.
<cptac_robust_files/figure-latex/unnamed-chunk-24-12.pdf, id=168, 469.755pt x 325.215pt>
File: cptac_robust_files/figure-latex/unnamed-chunk-24-12.pdf Graphic file (type pdf)
<use cptac_robust_files/figure-latex/unnamed-chunk-24-12.pdf>
Package pdftex.def Info: cptac_robust_files/figure-latex/unnamed-chunk-24-12.pdf  used on input line 763.
(pdftex.def)             Requested size: 469.75386pt x 325.2142pt.
<cptac_robust_files/figure-latex/unnamed-chunk-24-13.pdf, id=169, 469.755pt x 325.215pt>
File: cptac_robust_files/figure-latex/unnamed-chunk-24-13.pdf Graphic file (type pdf)
<use cptac_robust_files/figure-latex/unnamed-chunk-24-13.pdf>
Package pdftex.def Info: cptac_robust_files/figure-latex/unnamed-chunk-24-13.pdf  used on input line 764.
(pdftex.def)             Requested size: 469.75386pt x 325.2142pt.
<cptac_robust_files/figure-latex/unnamed-chunk-24-14.pdf, id=170, 469.755pt x 325.215pt>
File: cptac_robust_files/figure-latex/unnamed-chunk-24-14.pdf Graphic file (type pdf)
<use cptac_robust_files/figure-latex/unnamed-chunk-24-14.pdf>
Package pdftex.def Info: cptac_robust_files/figure-latex/unnamed-chunk-24-14.pdf  used on input line 765.
(pdftex.def)             Requested size: 469.75386pt x 325.2142pt.
<cptac_robust_files/figure-latex/unnamed-chunk-24-15.pdf, id=171, 469.755pt x 325.215pt>
File: cptac_robust_files/figure-latex/unnamed-chunk-24-15.pdf Graphic file (type pdf)
<use cptac_robust_files/figure-latex/unnamed-chunk-24-15.pdf>
Package pdftex.def Info: cptac_robust_files/figure-latex/unnamed-chunk-24-15.pdf  used on input line 766.
(pdftex.def)             Requested size: 469.75386pt x 325.2142pt.
<cptac_robust_files/figure-latex/unnamed-chunk-24-16.pdf, id=172, 469.755pt x 325.215pt>
File: cptac_robust_files/figure-latex/unnamed-chunk-24-16.pdf Graphic file (type pdf)
<use cptac_robust_files/figure-latex/unnamed-chunk-24-16.pdf>
Package pdftex.def Info: cptac_robust_files/figure-latex/unnamed-chunk-24-16.pdf  used on input line 767.
(pdftex.def)             Requested size: 469.75386pt x 325.2142pt.
<cptac_robust_files/figure-latex/unnamed-chunk-24-17.pdf, id=173, 469.755pt x 325.215pt>
File: cptac_robust_files/figure-latex/unnamed-chunk-24-17.pdf Graphic file (type pdf)
<use cptac_robust_files/figure-latex/unnamed-chunk-24-17.pdf>
Package pdftex.def Info: cptac_robust_files/figure-latex/unnamed-chunk-24-17.pdf  used on input line 768.
(pdftex.def)             Requested size: 469.75386pt x 325.2142pt.
<cptac_robust_files/figure-latex/unnamed-chunk-24-18.pdf, id=174, 469.755pt x 325.215pt>
File: cptac_robust_files/figure-latex/unnamed-chunk-24-18.pdf Graphic file (type pdf)
<use cptac_robust_files/figure-latex/unnamed-chunk-24-18.pdf>
Package pdftex.def Info: cptac_robust_files/figure-latex/unnamed-chunk-24-18.pdf  used on input line 769.
(pdftex.def)             Requested size: 469.75386pt x 325.2142pt.
<cptac_robust_files/figure-latex/unnamed-chunk-24-19.pdf, id=175, 469.755pt x 325.215pt>
File: cptac_robust_files/figure-latex/unnamed-chunk-24-19.pdf Graphic file (type pdf)
<use cptac_robust_files/figure-latex/unnamed-chunk-24-19.pdf>
Package pdftex.def Info: cptac_robust_files/figure-latex/unnamed-chunk-24-19.pdf  used on input line 770.
(pdftex.def)             Requested size: 469.75386pt x 325.2142pt.
<cptac_robust_files/figure-latex/unnamed-chunk-24-20.pdf, id=176, 469.755pt x 325.215pt>
File: cptac_robust_files/figure-latex/unnamed-chunk-24-20.pdf Graphic file (type pdf)
<use cptac_robust_files/figure-latex/unnamed-chunk-24-20.pdf>
Package pdftex.def Info: cptac_robust_files/figure-latex/unnamed-chunk-24-20.pdf  used on input line 771.
(pdftex.def)             Requested size: 469.75386pt x 325.2142pt.
<cptac_robust_files/figure-latex/unnamed-chunk-24-21.pdf, id=177, 469.755pt x 325.215pt>
File: cptac_robust_files/figure-latex/unnamed-chunk-24-21.pdf Graphic file (type pdf)
<use cptac_robust_files/figure-latex/unnamed-chunk-24-21.pdf>
Package pdftex.def Info: cptac_robust_files/figure-latex/unnamed-chunk-24-21.pdf  used on input line 772.
(pdftex.def)             Requested size: 469.75386pt x 325.2142pt.
<cptac_robust_files/figure-latex/unnamed-chunk-24-22.pdf, id=178, 469.755pt x 325.215pt>
File: cptac_robust_files/figure-latex/unnamed-chunk-24-22.pdf Graphic file (type pdf)
<use cptac_robust_files/figure-latex/unnamed-chunk-24-22.pdf>
Package pdftex.def Info: cptac_robust_files/figure-latex/unnamed-chunk-24-22.pdf  used on input line 773.
(pdftex.def)             Requested size: 469.75386pt x 325.2142pt.
<cptac_robust_files/figure-latex/unnamed-chunk-24-23.pdf, id=179, 469.755pt x 325.215pt>
File: cptac_robust_files/figure-latex/unnamed-chunk-24-23.pdf Graphic file (type pdf)
<use cptac_robust_files/figure-latex/unnamed-chunk-24-23.pdf>
Package pdftex.def Info: cptac_robust_files/figure-latex/unnamed-chunk-24-23.pdf  used on input line 774.
(pdftex.def)             Requested size: 469.75386pt x 325.2142pt.
<cptac_robust_files/figure-latex/unnamed-chunk-24-24.pdf, id=180, 469.755pt x 325.215pt>
File: cptac_robust_files/figure-latex/unnamed-chunk-24-24.pdf Graphic file (type pdf)
<use cptac_robust_files/figure-latex/unnamed-chunk-24-24.pdf>
Package pdftex.def Info: cptac_robust_files/figure-latex/unnamed-chunk-24-24.pdf  used on input line 775.
(pdftex.def)             Requested size: 469.75386pt x 325.2142pt.
<cptac_robust_files/figure-latex/unnamed-chunk-24-25.pdf, id=181, 469.755pt x 325.215pt>
File: cptac_robust_files/figure-latex/unnamed-chunk-24-25.pdf Graphic file (type pdf)
<use cptac_robust_files/figure-latex/unnamed-chunk-24-25.pdf>
Package pdftex.def Info: cptac_robust_files/figure-latex/unnamed-chunk-24-25.pdf  used on input line 776.
(pdftex.def)             Requested size: 469.75386pt x 325.2142pt.
<cptac_robust_files/figure-latex/unnamed-chunk-24-26.pdf, id=182, 469.755pt x 325.215pt>
File: cptac_robust_files/figure-latex/unnamed-chunk-24-26.pdf Graphic file (type pdf)
<use cptac_robust_files/figure-latex/unnamed-chunk-24-26.pdf>
Package pdftex.def Info: cptac_robust_files/figure-latex/unnamed-chunk-24-26.pdf  used on input line 777.
(pdftex.def)             Requested size: 469.75386pt x 325.2142pt.
<cptac_robust_files/figure-latex/unnamed-chunk-24-27.pdf, id=183, 469.755pt x 325.215pt>
File: cptac_robust_files/figure-latex/unnamed-chunk-24-27.pdf Graphic file (type pdf)
<use cptac_robust_files/figure-latex/unnamed-chunk-24-27.pdf>
Package pdftex.def Info: cptac_robust_files/figure-latex/unnamed-chunk-24-27.pdf  used on input line 778.
(pdftex.def)             Requested size: 469.75386pt x 325.2142pt.
<cptac_robust_files/figure-latex/unnamed-chunk-24-28.pdf, id=184, 469.755pt x 325.215pt>
File: cptac_robust_files/figure-latex/unnamed-chunk-24-28.pdf Graphic file (type pdf)
<use cptac_robust_files/figure-latex/unnamed-chunk-24-28.pdf>
Package pdftex.def Info: cptac_robust_files/figure-latex/unnamed-chunk-24-28.pdf  used on input line 779.
(pdftex.def)             Requested size: 469.75386pt x 325.2142pt.
<cptac_robust_files/figure-latex/unnamed-chunk-24-29.pdf, id=185, 469.755pt x 325.215pt>
File: cptac_robust_files/figure-latex/unnamed-chunk-24-29.pdf Graphic file (type pdf)
<use cptac_robust_files/figure-latex/unnamed-chunk-24-29.pdf>
Package pdftex.def Info: cptac_robust_files/figure-latex/unnamed-chunk-24-29.pdf  used on input line 780.
(pdftex.def)             Requested size: 469.75386pt x 325.2142pt.
<cptac_robust_files/figure-latex/unnamed-chunk-24-30.pdf, id=186, 469.755pt x 325.215pt>
File: cptac_robust_files/figure-latex/unnamed-chunk-24-30.pdf Graphic file (type pdf)
<use cptac_robust_files/figure-latex/unnamed-chunk-24-30.pdf>
Package pdftex.def Info: cptac_robust_files/figure-latex/unnamed-chunk-24-30.pdf  used on input line 781.
(pdftex.def)             Requested size: 469.75386pt x 325.2142pt.
<cptac_robust_files/figure-latex/unnamed-chunk-24-31.pdf, id=187, 469.755pt x 325.215pt>
File: cptac_robust_files/figure-latex/unnamed-chunk-24-31.pdf Graphic file (type pdf)
<use cptac_robust_files/figure-latex/unnamed-chunk-24-31.pdf>
Package pdftex.def Info: cptac_robust_files/figure-latex/unnamed-chunk-24-31.pdf  used on input line 782.
(pdftex.def)             Requested size: 469.75386pt x 325.2142pt.
<cptac_robust_files/figure-latex/unnamed-chunk-24-32.pdf, id=188, 469.755pt x 325.215pt>
File: cptac_robust_files/figure-latex/unnamed-chunk-24-32.pdf Graphic file (type pdf)
<use cptac_robust_files/figure-latex/unnamed-chunk-24-32.pdf>
Package pdftex.def Info: cptac_robust_files/figure-latex/unnamed-chunk-24-32.pdf  used on input line 783.
(pdftex.def)             Requested size: 469.75386pt x 325.2142pt.
<cptac_robust_files/figure-latex/unnamed-chunk-24-33.pdf, id=189, 469.755pt x 325.215pt>
File: cptac_robust_files/figure-latex/unnamed-chunk-24-33.pdf Graphic file (type pdf)
<use cptac_robust_files/figure-latex/unnamed-chunk-24-33.pdf>
Package pdftex.def Info: cptac_robust_files/figure-latex/unnamed-chunk-24-33.pdf  used on input line 784.
(pdftex.def)             Requested size: 469.75386pt x 325.2142pt.
<cptac_robust_files/figure-latex/unnamed-chunk-24-34.pdf, id=190, 469.755pt x 325.215pt>
File: cptac_robust_files/figure-latex/unnamed-chunk-24-34.pdf Graphic file (type pdf)
<use cptac_robust_files/figure-latex/unnamed-chunk-24-34.pdf>
Package pdftex.def Info: cptac_robust_files/figure-latex/unnamed-chunk-24-34.pdf  used on input line 785.
(pdftex.def)             Requested size: 469.75386pt x 325.2142pt.
<cptac_robust_files/figure-latex/unnamed-chunk-24-35.pdf, id=191, 469.755pt x 325.215pt>
File: cptac_robust_files/figure-latex/unnamed-chunk-24-35.pdf Graphic file (type pdf)
<use cptac_robust_files/figure-latex/unnamed-chunk-24-35.pdf>
Package pdftex.def Info: cptac_robust_files/figure-latex/unnamed-chunk-24-35.pdf  used on input line 786.
(pdftex.def)             Requested size: 469.75386pt x 325.2142pt.
<cptac_robust_files/figure-latex/unnamed-chunk-24-36.pdf, id=192, 469.755pt x 325.215pt>
File: cptac_robust_files/figure-latex/unnamed-chunk-24-36.pdf Graphic file (type pdf)
<use cptac_robust_files/figure-latex/unnamed-chunk-24-36.pdf>
Package pdftex.def Info: cptac_robust_files/figure-latex/unnamed-chunk-24-36.pdf  used on input line 787.
(pdftex.def)             Requested size: 469.75386pt x 325.2142pt.
<cptac_robust_files/figure-latex/unnamed-chunk-24-37.pdf, id=193, 469.755pt x 325.215pt>
File: cptac_robust_files/figure-latex/unnamed-chunk-24-37.pdf Graphic file (type pdf)
<use cptac_robust_files/figure-latex/unnamed-chunk-24-37.pdf>
Package pdftex.def Info: cptac_robust_files/figure-latex/unnamed-chunk-24-37.pdf  used on input line 788.
(pdftex.def)             Requested size: 469.75386pt x 325.2142pt.
<cptac_robust_files/figure-latex/unnamed-chunk-24-38.pdf, id=194, 469.755pt x 325.215pt>
File: cptac_robust_files/figure-latex/unnamed-chunk-24-38.pdf Graphic file (type pdf)
<use cptac_robust_files/figure-latex/unnamed-chunk-24-38.pdf>
Package pdftex.def Info: cptac_robust_files/figure-latex/unnamed-chunk-24-38.pdf  used on input line 789.
(pdftex.def)             Requested size: 469.75386pt x 325.2142pt.
<cptac_robust_files/figure-latex/unnamed-chunk-24-39.pdf, id=195, 469.755pt x 325.215pt>
File: cptac_robust_files/figure-latex/unnamed-chunk-24-39.pdf Graphic file (type pdf)
<use cptac_robust_files/figure-latex/unnamed-chunk-24-39.pdf>
Package pdftex.def Info: cptac_robust_files/figure-latex/unnamed-chunk-24-39.pdf  used on input line 790.
(pdftex.def)             Requested size: 469.75386pt x 325.2142pt.
<cptac_robust_files/figure-latex/unnamed-chunk-24-40.pdf, id=196, 469.755pt x 325.215pt>
File: cptac_robust_files/figure-latex/unnamed-chunk-24-40.pdf Graphic file (type pdf)
<use cptac_robust_files/figure-latex/unnamed-chunk-24-40.pdf>
Package pdftex.def Info: cptac_robust_files/figure-latex/unnamed-chunk-24-40.pdf  used on input line 791.
(pdftex.def)             Requested size: 469.75386pt x 325.2142pt.

Underfull \hbox (badness 10000) in paragraph at lines 752--792
[][]
 []


Underfull \hbox (badness 10000) in paragraph at lines 752--792
[]
 []


Underfull \hbox (badness 10000) in paragraph at lines 752--792
[]
 []


Underfull \hbox (badness 10000) in paragraph at lines 752--792
[]
 []


Underfull \hbox (badness 10000) in paragraph at lines 752--792
[]
 []


Underfull \hbox (badness 10000) in paragraph at lines 752--792
[]
 []


Underfull \hbox (badness 10000) in paragraph at lines 752--792
[]
 []


Underfull \hbox (badness 10000) in paragraph at lines 752--792
[]
 []


Underfull \hbox (badness 10000) in paragraph at lines 752--792
[]
 []


Underfull \hbox (badness 10000) in paragraph at lines 752--792
[]
 []


Underfull \hbox (badness 10000) in paragraph at lines 752--792
[]
 []


Underfull \hbox (badness 10000) in paragraph at lines 752--792
[]
 []


Underfull \hbox (badness 10000) in paragraph at lines 752--792
[]
 []


Underfull \hbox (badness 10000) in paragraph at lines 752--792
[]
 []


Underfull \hbox (badness 10000) in paragraph at lines 752--792
[]
 []


Underfull \hbox (badness 10000) in paragraph at lines 752--792
[]
 []


Underfull \hbox (badness 10000) in paragraph at lines 752--792
[]
 []


Underfull \hbox (badness 10000) in paragraph at lines 752--792
[]
 []


Underfull \hbox (badness 10000) in paragraph at lines 752--792
[]
 []


Underfull \hbox (badness 10000) in paragraph at lines 752--792
[]
 []


Underfull \hbox (badness 10000) in paragraph at lines 752--792
[]
 []


Underfull \hbox (badness 10000) in paragraph at lines 752--792
[]
 []


Underfull \hbox (badness 10000) in paragraph at lines 752--792
[]
 []


Underfull \hbox (badness 10000) in paragraph at lines 752--792
[]
 []


Underfull \hbox (badness 10000) in paragraph at lines 752--792
[]
 []


Underfull \hbox (badness 10000) in paragraph at lines 752--792
[]
 []


Underfull \hbox (badness 10000) in paragraph at lines 752--792
[]
 []


Underfull \hbox (badness 10000) in paragraph at lines 752--792
[]
 []


Underfull \hbox (badness 10000) in paragraph at lines 752--792
[]
 []


Underfull \hbox (badness 10000) in paragraph at lines 752--792
[]
 []


Underfull \hbox (badness 10000) in paragraph at lines 752--792
[]
 []


Underfull \hbox (badness 10000) in paragraph at lines 752--792
[]
 []


Underfull \hbox (badness 10000) in paragraph at lines 752--792
[]
 []


Underfull \hbox (badness 10000) in paragraph at lines 752--792
[]
 []


Underfull \hbox (badness 10000) in paragraph at lines 752--792
[]
 []


Underfull \hbox (badness 10000) in paragraph at lines 752--792
[]
 []


Underfull \hbox (badness 10000) in paragraph at lines 752--792
[]
 []


Underfull \hbox (badness 10000) in paragraph at lines 752--792
[]
 []


Underfull \hbox (badness 10000) in paragraph at lines 752--792
[]
 []



[12 <./cptac_robust_files/figure-latex/unnamed-chunk-24-1.pdf>]

[13 <./cptac_robust_files/figure-latex/unnamed-chunk-24-2.pdf>]

[14 <./cptac_robust_files/figure-latex/unnamed-chunk-24-3.pdf>]

[15 <./cptac_robust_files/figure-latex/unnamed-chunk-24-4.pdf>]

[16 <./cptac_robust_files/figure-latex/unnamed-chunk-24-5.pdf>]

[17 <./cptac_robust_files/figure-latex/unnamed-chunk-24-6.pdf>]

[18 <./cptac_robust_files/figure-latex/unnamed-chunk-24-7.pdf>]

[19 <./cptac_robust_files/figure-latex/unnamed-chunk-24-8.pdf>]

[20 <./cptac_robust_files/figure-latex/unnamed-chunk-24-9.pdf>]

[21 <./cptac_robust_files/figure-latex/unnamed-chunk-24-10.pdf>]

[22 <./cptac_robust_files/figure-latex/unnamed-chunk-24-11.pdf>]

[23 <./cptac_robust_files/figure-latex/unnamed-chunk-24-12.pdf>]

[24 <./cptac_robust_files/figure-latex/unnamed-chunk-24-13.pdf>]

[25 <./cptac_robust_files/figure-latex/unnamed-chunk-24-14.pdf>]

[26 <./cptac_robust_files/figure-latex/unnamed-chunk-24-15.pdf>]

[27 <./cptac_robust_files/figure-latex/unnamed-chunk-24-16.pdf>]

[28 <./cptac_robust_files/figure-latex/unnamed-chunk-24-17.pdf>]

[29 <./cptac_robust_files/figure-latex/unnamed-chunk-24-18.pdf>]

[30 <./cptac_robust_files/figure-latex/unnamed-chunk-24-19.pdf>]

[31 <./cptac_robust_files/figure-latex/unnamed-chunk-24-20.pdf>]

[32 <./cptac_robust_files/figure-latex/unnamed-chunk-24-21.pdf>]

[33 <./cptac_robust_files/figure-latex/unnamed-chunk-24-22.pdf>]

[34 <./cptac_robust_files/figure-latex/unnamed-chunk-24-23.pdf>]

[35 <./cptac_robust_files/figure-latex/unnamed-chunk-24-24.pdf>]

[36 <./cptac_robust_files/figure-latex/unnamed-chunk-24-25.pdf>]

[37 <./cptac_robust_files/figure-latex/unnamed-chunk-24-26.pdf>]

[38 <./cptac_robust_files/figure-latex/unnamed-chunk-24-27.pdf>]

[39 <./cptac_robust_files/figure-latex/unnamed-chunk-24-28.pdf>]

[40 <./cptac_robust_files/figure-latex/unnamed-chunk-24-29.pdf>]

[41 <./cptac_robust_files/figure-latex/unnamed-chunk-24-30.pdf>]

[42 <./cptac_robust_files/figure-latex/unnamed-chunk-24-31.pdf>]

[43 <./cptac_robust_files/figure-latex/unnamed-chunk-24-32.pdf>]

[44 <./cptac_robust_files/figure-latex/unnamed-chunk-24-33.pdf>]

[45 <./cptac_robust_files/figure-latex/unnamed-chunk-24-34.pdf>]

[46 <./cptac_robust_files/figure-latex/unnamed-chunk-24-35.pdf>]

[47 <./cptac_robust_files/figure-latex/unnamed-chunk-24-36.pdf>]

[48 <./cptac_robust_files/figure-latex/unnamed-chunk-24-37.pdf>]

[49 <./cptac_robust_files/figure-latex/unnamed-chunk-24-38.pdf>]

[50 <./cptac_robust_files/figure-latex/unnamed-chunk-24-39.pdf>]
Overfull \hbox (13.24358pt too wide) in paragraph at lines 877--877
[]\T1/lmtt/m/n/10 ## BLAS:   /Library/Frameworks/R.framework/Versions/4.4-arm64/Resources/lib/libRblas.0.dylib[] 
 []


Overfull \hbox (139.24321pt too wide) in paragraph at lines 877--877
[]\T1/lmtt/m/n/10 ## LAPACK: /Library/Frameworks/R.framework/Versions/4.4-arm64/Resources/lib/libRlapack.dylib;  LAPACK version 3.12.0[] 
 []



[51 <./cptac_robust_files/figure-latex/unnamed-chunk-24-40.pdf>]

[52] (./cptac_robust.aux)
 ***********
LaTeX2e <2025-06-01> patch level 1
L3 programming layer <2025-05-26>
 ***********
 ) 
Here is how much of TeX's memory you used:
 14671 strings out of 469806
 248186 string characters out of 5481373
 708424 words of memory out of 5000000
 42595 multiletter control sequences out of 15000+600000
 684557 words of font info for 132 fonts, out of 8000000 for 9000
 36 hyphenation exceptions out of 8191
 83i,6n,93p,1009b,691s stack positions out of 10000i,1000n,20000p,200000b,200000s
</Users/lclement/Library/TinyTeX/texmf-dist/fonts/type1/public/lm/lmbx10.pfb></Users/lclement/Library/TinyTeX/texmf-dist/fonts/type1/public/lm/lmbx12.pfb></Users/lclement/Library/TinyTeX/texmf-dist/fonts/type1/public/lm/lmmi10.pfb></Users/lclement/Library/TinyTeX/texmf-dist/fonts/type1/public/lm/lmmi7.pfb></Users/lclement/Library/TinyTeX/texmf-dist/fonts/type1/public/lm/lmr10.pfb></Users/lclement/Library/TinyTeX/texmf-dist/fonts/type1/public/lm/lmr12.pfb></Users/lclement/Library/TinyTeX/texmf-dist/fonts/type1/public/lm/lmr17.pfb></Users/lclement/Library/TinyTeX/texmf-dist/fonts/type1/public/lm/lmr7.pfb></Users/lclement/Library/TinyTeX/texmf-dist/fonts/type1/public/lm/lmsy10.pfb></Users/lclement/Library/TinyTeX/texmf-dist/fonts/type1/public/lm/lmtk10.pfb></Users/lclement/Library/TinyTeX/texmf-dist/fonts/type1/public/lm/lmtko10.pfb></Users/lclement/Library/TinyTeX/texmf-dist/fonts/type1/public/lm/lmtt10.pfb></Users/lclement/Library/TinyTeX/texmf-dist/fonts/type1/public/lm/lmtti10.pfb>
Output written on cptac_robust.pdf (52 pages, 682169 bytes).
PDF statistics:
 705 PDF objects out of 1000 (max. 8388607)
 522 compressed objects within 6 object streams
 80 named destinations out of 1000 (max. 500000)
 33124 words of extra memory for PDF output out of 35830 (max. 10000000)

